Using pre-set license
Built from '2020.3/staging' branch; Version is '2020.3.8f1 (507919d4fff5) revision 5273881'; Using compiler version '192528614'; Build Type 'Release'
OS: 'Windows 10 Home Single Language; OS build 19041.1052; Version 2004; 64bit' Language: 'tr' Physical Memory: 16267 MB
BatchMode: 1, IsHumanControllingUs: 0, StartBugReporterOnCrash: 0, Is64bit: 1, IsPro: 0

 COMMAND LINE ARGUMENTS:
C:\Users\asus\Desktop\Unity\2020.3.8f1\Editor\Unity.exe
-adb2
-batchMode
-noUpm
-name
AssetImportWorker0
-projectPath
C:/Users/asus/OneDrive/Belgeler/GitHub/Ball-Launcher
-logFile
Logs/AssetImportWorker0.log
-srvPort
56891
Successfully changed project path to: C:/Users/asus/OneDrive/Belgeler/GitHub/Ball-Launcher
C:/Users/asus/OneDrive/Belgeler/GitHub/Ball-Launcher
Using Asset Import Pipeline V2.
Refreshing native plugins compatible for Editor in 56.08 ms, found 1 plugins.
Preloading 0 native plugins for Editor in 0.00 ms.
Initialize engine version: 2020.3.8f1 (507919d4fff5)
[Subsystems] Discovering subsystems at path C:/Users/asus/Desktop/Unity/2020.3.8f1/Editor/Data/Resources/UnitySubsystems
[Subsystems] Discovering subsystems at path C:/Users/asus/OneDrive/Belgeler/GitHub/Ball-Launcher/Assets
GfxDevice: creating device client; threaded=0
Direct3D:
    Version:  Direct3D 11.0 [level 11.0]
    Renderer: NVIDIA GeForce GTX 850M (ID=0x1391)
    Vendor:   
    VRAM:     4055 MB
Initialize mono
Mono path[0] = 'C:/Users/asus/Desktop/Unity/2020.3.8f1/Editor/Data/Managed'
Mono path[1] = 'C:/Users/asus/Desktop/Unity/2020.3.8f1/Editor/Data/MonoBleedingEdge/lib/mono/unityjit'
Mono config path = 'C:/Users/asus/Desktop/Unity/2020.3.8f1/Editor/Data/MonoBleedingEdge/etc'
Using monoOptions --debugger-agent=transport=dt_socket,embedding=1,server=y,suspend=n,address=127.0.0.1:56524
Begin MonoManager ReloadAssembly
Registering precompiled unity dll's ...
Register platform support module: C:/Users/asus/Desktop/Unity/2020.3.8f1/Editor/Data/PlaybackEngines/WindowsStandaloneSupport/UnityEditor.WindowsStandalone.Extensions.dll
Registered in 0.004278 seconds.
Native extension for WindowsStandalone target not found
Refreshing native plugins compatible for Editor in 52.21 ms, found 1 plugins.
Preloading 0 native plugins for Editor in 0.00 ms.
Mono: successfully reloaded assembly
- Completed reload, in  2.798 seconds
Platform modules already initialized, skipping
Registering precompiled user dll's ...
Registered in 0.001835 seconds.
Begin MonoManager ReloadAssembly
Native extension for WindowsStandalone target not found
Refreshing native plugins compatible for Editor in 54.26 ms, found 1 plugins.
Preloading 0 native plugins for Editor in 0.00 ms.
Mono: successfully reloaded assembly
- Completed reload, in  1.366 seconds
Platform modules already initialized, skipping
========================================================================
Worker process is ready to serve import requests
Launched and connected shader compiler UnityShaderCompiler.exe after 0.07 seconds
Refreshing native plugins compatible for Editor in 0.52 ms, found 1 plugins.
Preloading 0 native plugins for Editor in 0.00 ms.
Unloading 2150 Unused Serialized files (Serialized files now loaded: 0)
System memory in use before: 97.2 MB.
System memory in use after: 97.2 MB.

Unloading 26 unused Assets to reduce memory usage. Loaded Objects now: 2594.
Total: 2.871700 ms (FindLiveObjects: 0.305800 ms CreateObjectMapping: 0.095100 ms MarkObjects: 2.313800 ms  DeleteObjects: 0.154000 ms)

========================================================================
Received Import Request.
  path: Assets/Scripts
  artifactKey: Guid(463d0492b4aedd54489add643fee3f50) Importer(815301076,1909f56bfc062723c751e8b465ee728b)
Start importing Assets/Scripts using Guid(463d0492b4aedd54489add643fee3f50) Importer(815301076,1909f56bfc062723c751e8b465ee728b)  -> (artifact id: 'ca53d1b8003861a5267db598bff9be75') in 0.007160 seconds
  Import took 0.011296 seconds .

========================================================================
Received Import Request.
  Time since last request: 0.006430 seconds.
  path: Assets/Scripts
  artifactKey: Guid(463d0492b4aedd54489add643fee3f50) Importer(815301076,1909f56bfc062723c751e8b465ee728b)
Start importing Assets/Scripts using Guid(463d0492b4aedd54489add643fee3f50) Importer(815301076,1909f56bfc062723c751e8b465ee728b)  -> (artifact id: 'ca53d1b8003861a5267db598bff9be75') in 0.003094 seconds
  Import took 0.007150 seconds .

========================================================================
Received Prepare
Registering precompiled user dll's ...
Registered in 0.002235 seconds.
Begin MonoManager ReloadAssembly
Native extension for WindowsStandalone target not found
Refreshing native plugins compatible for Editor in 0.49 ms, found 1 plugins.
Preloading 0 native plugins for Editor in 0.00 ms.
Mono: successfully reloaded assembly
- Completed reload, in  1.200 seconds
Platform modules already initialized, skipping
Refreshing native plugins compatible for Editor in 0.50 ms, found 1 plugins.
Preloading 0 native plugins for Editor in 0.00 ms.
Unloading 2145 Unused Serialized files (Serialized files now loaded: 0)
System memory in use before: 97.3 MB.
System memory in use after: 97.3 MB.

Unloading 12 unused Assets to reduce memory usage. Loaded Objects now: 2598.
Total: 3.170900 ms (FindLiveObjects: 0.261900 ms CreateObjectMapping: 0.175200 ms MarkObjects: 2.598700 ms  DeleteObjects: 0.133700 ms)

========================================================================
Received Prepare
Registering precompiled user dll's ...
Registered in 0.001774 seconds.
Begin MonoManager ReloadAssembly
Native extension for WindowsStandalone target not found
Refreshing native plugins compatible for Editor in 0.47 ms, found 1 plugins.
Preloading 0 native plugins for Editor in 0.00 ms.
Mono: successfully reloaded assembly
- Completed reload, in  1.168 seconds
Platform modules already initialized, skipping
Refreshing native plugins compatible for Editor in 0.47 ms, found 1 plugins.
Preloading 0 native plugins for Editor in 0.00 ms.
Unloading 2145 Unused Serialized files (Serialized files now loaded: 0)
System memory in use before: 97.4 MB.
System memory in use after: 97.4 MB.

Unloading 12 unused Assets to reduce memory usage. Loaded Objects now: 2602.
Total: 3.201800 ms (FindLiveObjects: 0.274100 ms CreateObjectMapping: 0.191200 ms MarkObjects: 2.607100 ms  DeleteObjects: 0.128000 ms)

========================================================================
Received Import Request.
  Time since last request: 202.378369 seconds.
  path: Assets/Scripts/BallHandler.cs
  artifactKey: Guid(8b8dde9f6e235a14a8ea9ba0f8ce0425) Importer(815301076,1909f56bfc062723c751e8b465ee728b)
Start importing Assets/Scripts/BallHandler.cs using Guid(8b8dde9f6e235a14a8ea9ba0f8ce0425) Importer(815301076,1909f56bfc062723c751e8b465ee728b)  -> (artifact id: '0ac5c003ec695ae97318a0f1e64a8951') in 0.040114 seconds
  Import took 0.044221 seconds .

========================================================================
Received Prepare
Registering precompiled user dll's ...
Registered in 0.003276 seconds.
Begin MonoManager ReloadAssembly
Native extension for WindowsStandalone target not found
Refreshing native plugins compatible for Editor in 0.51 ms, found 1 plugins.
Preloading 0 native plugins for Editor in 0.00 ms.
Mono: successfully reloaded assembly
- Completed reload, in  1.217 seconds
Platform modules already initialized, skipping
Refreshing native plugins compatible for Editor in 0.48 ms, found 1 plugins.
Preloading 0 native plugins for Editor in 0.00 ms.
Unloading 2145 Unused Serialized files (Serialized files now loaded: 0)
System memory in use before: 97.4 MB.
System memory in use after: 97.4 MB.

Unloading 12 unused Assets to reduce memory usage. Loaded Objects now: 2606.
Total: 4.007700 ms (FindLiveObjects: 0.450000 ms CreateObjectMapping: 0.428500 ms MarkObjects: 2.968400 ms  DeleteObjects: 0.158900 ms)

========================================================================
Received Import Request.
  Time since last request: 310.288529 seconds.
  path: Assets/Scripts/BallHandler.cs
  artifactKey: Guid(8b8dde9f6e235a14a8ea9ba0f8ce0425) Importer(815301076,1909f56bfc062723c751e8b465ee728b)
Start importing Assets/Scripts/BallHandler.cs using Guid(8b8dde9f6e235a14a8ea9ba0f8ce0425) Importer(815301076,1909f56bfc062723c751e8b465ee728b)  -> (artifact id: '5b8bb48d82d3efb41a962ab68cb9b1af') in 0.007395 seconds
  Import took 0.013375 seconds .

========================================================================
Received Prepare
Registering precompiled user dll's ...
Registered in 0.001799 seconds.
Begin MonoManager ReloadAssembly
Native extension for WindowsStandalone target not found
Refreshing native plugins compatible for Editor in 0.47 ms, found 1 plugins.
Preloading 0 native plugins for Editor in 0.00 ms.
Mono: successfully reloaded assembly
- Completed reload, in  1.220 seconds
Platform modules already initialized, skipping
Refreshing native plugins compatible for Editor in 0.49 ms, found 1 plugins.
Preloading 0 native plugins for Editor in 0.00 ms.
Unloading 2145 Unused Serialized files (Serialized files now loaded: 0)
System memory in use before: 97.4 MB.
System memory in use after: 97.4 MB.

Unloading 12 unused Assets to reduce memory usage. Loaded Objects now: 2610.
Total: 3.143100 ms (FindLiveObjects: 0.269800 ms CreateObjectMapping: 0.196500 ms MarkObjects: 2.551200 ms  DeleteObjects: 0.124500 ms)

========================================================================
Received Import Request.
  Time since last request: 537.536289 seconds.
  path: Assets/Scripts/BallHandler.cs
  artifactKey: Guid(8b8dde9f6e235a14a8ea9ba0f8ce0425) Importer(815301076,1909f56bfc062723c751e8b465ee728b)
Start importing Assets/Scripts/BallHandler.cs using Guid(8b8dde9f6e235a14a8ea9ba0f8ce0425) Importer(815301076,1909f56bfc062723c751e8b465ee728b)  -> (artifact id: '4607d4729bcc570d2bd3def8b6b38dae') in 0.006824 seconds
  Import took 0.010994 seconds .

========================================================================
Received Prepare
Registering precompiled user dll's ...
Registered in 0.001769 seconds.
Begin MonoManager ReloadAssembly
Native extension for WindowsStandalone target not found
Refreshing native plugins compatible for Editor in 0.48 ms, found 1 plugins.
Preloading 0 native plugins for Editor in 0.00 ms.
Mono: successfully reloaded assembly
- Completed reload, in  1.153 seconds
Platform modules already initialized, skipping
Refreshing native plugins compatible for Editor in 0.50 ms, found 1 plugins.
Preloading 0 native plugins for Editor in 0.00 ms.
Unloading 2145 Unused Serialized files (Serialized files now loaded: 0)
System memory in use before: 97.4 MB.
System memory in use after: 97.4 MB.

Unloading 12 unused Assets to reduce memory usage. Loaded Objects now: 2614.
Total: 2.572000 ms (FindLiveObjects: 0.195200 ms CreateObjectMapping: 0.090100 ms MarkObjects: 2.155100 ms  DeleteObjects: 0.130400 ms)

========================================================================
Received Prepare
Registering precompiled user dll's ...
Registered in 0.001752 seconds.
Begin MonoManager ReloadAssembly
Native extension for WindowsStandalone target not found
Refreshing native plugins compatible for Editor in 0.47 ms, found 1 plugins.
Preloading 0 native plugins for Editor in 0.00 ms.
Mono: successfully reloaded assembly
- Completed reload, in  1.154 seconds
Platform modules already initialized, skipping
Refreshing native plugins compatible for Editor in 0.52 ms, found 1 plugins.
Preloading 0 native plugins for Editor in 0.00 ms.
Unloading 2145 Unused Serialized files (Serialized files now loaded: 0)
System memory in use before: 97.4 MB.
System memory in use after: 97.4 MB.

Unloading 12 unused Assets to reduce memory usage. Loaded Objects now: 2618.
Total: 2.446600 ms (FindLiveObjects: 0.197600 ms CreateObjectMapping: 0.092200 ms MarkObjects: 2.038500 ms  DeleteObjects: 0.117100 ms)

